6798seven : 67
six8b32csscsdgjsevenfivedlhzhc : 65
fcvvkvjjnhfivesixfiveninesxlvnhfckc54 : 54
feightwo4twofivefour : 84
cgpzm2sevenone68636 : 26
498879 : 49
fivetwo2plltvdfourhhgrfn : 54
onertxzlzdnxn2seven : 17
ninethree4v1five : 95
5pnnss16lzbsmcckeightdseven : 57
jthree249four2cjzqmmbrqnnine : 39
foursixfourfbgvqm1rchdlmzhtzqqfjzpmln : 41
twojtwoscbrtgmnqzvbfbzvrtkxhmf76nine : 29
2fourtwo : 22
svxz8bjvt5zzvjzhkmtmnnft92 : 82
threetffnjvkfh81nineqqshzdf2vtjfqjtbdv : 32
seven1drfivethreedpqflxgdshlzmmnrb : 73
7sggjxkcxfourthreefourtwos3nine : 79
39t6rvkbdnfpssj6djnfbqklkgfsqbf : 36
3four2zcfvtplkrbeight274 : 34
one7sixninesix : 16
kkxmtmdthree6jrj6 : 36
81sevenmnine1llbqrsprc : 81
5nine9qgjceight : 58
three1sdmq9sevenfournine : 39
khnlbmzhvlsix3 : 63
nineone6onesixvlnlxeightfive : 95
schplznseveneightnlcxgr7four : 74
6one1djcdmpdrgq3two : 62
fourzhpnphmq52r813four : 44
scsxjthreefoureight2fivepfmpfj8 : 38
69xvbxfffmr7one8gmch8 : 68
one8tfpgrdhm : 18
2gxmhtfrbrkpdvlvsmdqrktxtrpssbrv933 : 23
4vfrtkdqlbtwordlbppsssp : 42
2cjmtvnzpbkdcq5twofourtwo : 22
2three5onetwogpfqtszbjh : 22
hgvnine9four996 : 96
37142745 : 35
four73 : 43
8552ztclnd : 82
onevmpd76eighth : 18
threethree8 : 38
bgtwonedrmc35 : 25
23one : 21
9lpxzhkck2five3qone9zgxzrzd : 99
hs1 : 11
92xhflsixltpqprpfggbzrvmfqone4 : 94
eight9sevenpcxvl6two1 : 81
rceightwo6jc1nvllxsstqgnlhtl4 : 84
tlnhlsixfn3lbdlqztmkthreedllfourone : 61
74five : 75
dcfpstvxnd52kdqhlht : 52
7onenine : 79
2twothreehdzssrt1 : 21
eightseveneight54xflfspthreefsfbtbslx : 83
4ffsfsvkxslvp : 44
939flgbmvzpvfsmtcsix3 : 93
742 : 72
qcfive72plvnd7 : 57
5hhd8onejbsfklmpzcgffivenine : 59
twodsmjkhdxjdgktlrteightseven2cttnpjsv : 22
31kptdmtwojrgp : 32
dnnmrflcft92 : 92
7gtglplfkrnine85xm7 : 77
voneightznktfvmxlhnine1seven4z : 14
24sevenncdmcpkrvnxlbeightsixlrvns : 26
38prmrxcm5 : 35
4vhncsevenjgvjllppvcfmvrlsdtkqcldpq : 47
81phvtb : 81
5l7twoeightlr : 58
8xfqbnone5 : 85
62737sixfourdfqvdcone : 61
seven1two : 72
79qncxqcj1one3 : 73
69four3two7six2six : 66
six499 : 69
gknlkqvntvmsjzlfb7one : 71
honeightmjlmvmbxsmjzg77 : 17
6seven15 : 65
five59two91 : 51
gmhhtq9368gtsdg : 98
nlmbvxckjtwofourfjnine47threefive : 25
93eightnpkjf26one4 : 94
qcslmgkkgbsnrr6ninennr : 69
8381three2threeone : 81
7hnqndhs8 : 78
qd65 : 65
twogtlrqrlvfourfour5qsixdjhvqvdlljnvbtkq : 26
6seven8ldvkz : 68
gf14sevenrv : 17
2fourpkzdklbvm2 : 22
four26jsrbsrxdlmzntsxgg : 46
tghcz8fourthree : 83
threethree8hzlvpjzxcdfvcpjbmc942 : 32
jktsix2cprnhkkktjcvkvtkdggvrscf : 62
dzhh82 : 82
nine8tsix : 96
9fivernlsl6jvfrljzjg : 96
52d : 52
threethree556nine : 39
g2twoblhhptzdqbbnnrpseven5 : 25
jfive8 : 58
eighttwotwofiveqdfr9 : 89
kqxncc74sjttqklx3lxpffbdlthreetwooneightnb : 78
1xpvjzvplfjdsjqrtmzbknine : 19
five4r6five : 55
72eight : 78
1kzvxckdbjjpprrqn4eight6onebsdmrcxqznjtbnh : 11
htwocglz3jggvkcbzvtconeeight7 : 27
twozspgcxf5bhx : 25
ntglpd1six1bv1 : 11
5zxgrdlhkmzsix47t43 : 53
kfrnghxgfzpjxmstwofourkzvcsksixfive1 : 21
grnd423 : 43
8f : 88
1xcqchtnsix4tvtffone : 11
bxlbtwotwoeight9twoseveneight : 28
7ldngmndg96pjnfour : 74
five4threexp : 53
mtwonexp7nine3z9 : 29
8kg95ninesixtwonem : 81
sixpmvfoursevenz8m : 68
vrszvbtvtr28pzcjxkztzhvmtqvhnqf3 : 23
1gsbtwopjkrrqc1one : 11
tbmsix93 : 63
n4 : 44
kffgtgcl866364 : 84
one4qgkzthpmeight8eightfourkdcnpxv6 : 16
cfhlmng21five : 25
8lhcseven9vksfgpvlnfq3bglktc : 83
twocc2rpflzhqseventhree : 23
six1fourfivefive5onesnpz : 61
1ffqfxh75flgjqcx : 15
fourthree1twortvlvcsvs2 : 42
8rxrpvxthreestbbpcszhnbrsfour : 84
6qdkshgrsjxxsvpmnjxnzmcone71fckgjbrsnq : 61
8568three2eight : 88
1khdqskj : 11
onebdfour6 : 16
dpcpqnineqjnfzffsb5tj1ccm4four : 94
nsrvffqhd67sixtwoseventwohdgh3 : 63
nvsscfour973fsngxbm6 : 46
93zzrgmsqtlckzrnbbk4seven : 97
3seventhreexpfrrfpfiverv7 : 37
threeeightfourfoureightnine1one8 : 38
7onethreefour33cghone : 71
sevenfivesixseven2 : 72
jgbgmcx76qc : 76
zxbpvj7 : 77
21xlcgpshvth96fourtwokcvmhcdtxnm : 22
foursix2 : 42
6three9nine4sevennine : 69
dqnhdnine3 : 93
seven58vzcxqmffive7 : 77
xdmeightwomncvnkdkpxtwoonenineseven1tclckshvptwo : 82
gsdff22fivethreebn : 23
one7gd : 17
jcz8xxfdlphz5threepzmjqzfb39qllhvcqj : 89
fivesvjdbqlvgnvkcklszeightcjhdjxdvchfive9 : 59
9sfgxbtcgbk : 99
six4zvfivelxfghffvq9bfkshrkmbn : 69
sdtxjnnjjp3fivejsll5 : 35
tpeightwozhzqxjstneightsixgbjlmsjfls6tlc : 86
668ninenine : 69
three7two : 32
gtskqnine1seven862mm : 92
487jsqqfkzfcs2lthng7five : 45
gjks7 : 77
lfnqzjphssevenone2qvfiveninexhr : 79
fvfgnddffhjjfour9six9 : 49
ttkmtncjc9five5eight3 : 93
3seven24426four : 34
two9jnd5eight : 28
threeonevmzqdxvjlqxgzqone1hcpqsd43 : 33
tfzzzjjbx7oneeightbqthree : 73
68onerrpvsixvkmnrndq : 66
jbjljljmtwoqgt3kpvdkdsixone : 21
kxvbxzzxrfour2slfjkkgq555gxfsix : 46
three9tsthree : 33
eighttbtdg2sevenxsqsq : 87
seven213jbqmvmvvhsixrfqhlfive : 75
nsvcdhkbdmxqbkthree28ztjtlsqprcplmx : 38
4lntqfk4tkmmgkvrcninenineonelpjtq : 41
221eightqfp7eightzshhl : 28
vppzgrsix1fmvpcpkvsvppspqcsixone : 61
5lhcrxclclcsix4 : 54
qhone2mhhxqqdl73seven5 : 15
5three9hdnfrgfjsfive7 : 57
grcfbvfkj4 : 44
487mzcgxvxqgx : 47
four8nine3four3lpqnclxzzbmjztbhdfdjfive : 45
3six6kbrvjjsndlxvsz5qcfmtzsqlmqbrn : 35
klcx6eightsix2onesixthree : 63
8ztdfdglxhjxmmvktwolsrr5six7 : 87
9two66three : 93
6threesixtgnznd : 66
ggglpldvkkhgmrgt3 : 33
9kktwo3srdtpskbbx446 : 96
7xmrfkbsr5nzqfgseveneightcbshpfour : 74
six5eightseven5gzsjfthree21 : 61
2897cgv : 27
dffvs7zrlrvlkjcfourjxsndkzq4 : 74
eight22blzxvvshgtqlqpqhsixctp : 86
three8bgjhkvnbdvbttblp1fivenxslnseven : 37
3one21x73twongdnb : 32
kfzzhhctgrlznqcdvzshlfive56pdqx : 56
cfsthhgvgfddmsjn83sjrrkxzl : 83
four99tfvbtxgfqrlhcdktmp : 49
3rfhfgcf8six2 : 32
onexsbxqmqkj3hrblqnfrseven : 17
hfgnvtdzzb51gtljm9eight : 58
zprhsph3 : 33
sixsevennine2four715nine : 69
fzxzkcvcxl4 : 44
lcnkqqsrtwogcbvxrtfp2five5three2 : 22
7ninesix9jxhrdqrpr94 : 74
lxpqxseven2three : 73
mnsjjgdlltwodrcfltwo8vninemqlfqsgccl3 : 23
sevennfkfvxsqr7twotwonedb : 71
7twonpkjfjmgqxsxpdtninetpsfjlqvv : 79
seventhree328sixscxmpqjlxftwo : 72
3qpxvglmpcgxzrseven9 : 39
6onemqrvdmckhmdrzxzkxbjthreeeighttwoql : 62
sevenfdpqqzpbflflgph698eight9 : 79
fivedbntvzzdq36two3 : 53
8six3fivefivefivesevenpxqpxrjqseven : 87
sixtwoqt4 : 64
tmcfive4zkxhvlrvfzhkczpkvbxk1 : 51
rbrnxxbfxmbqscltvsixone79three : 63
88sixzqntjsfhqj6three43 : 83
pmcfsrpknvbfhrzlvlcffjmfive32323 : 53
97rtggjhvvdfive : 95
vtdljvqht1fivefivetwo : 12
88rqtpdz5nine : 89
rtwone725 : 25
sghfour2eightgrgpsmfxpchmmpndccgzfzz : 48
kpgrhmtkxzzmdpcdzeighteight2 : 82
5bfhbmffeight6 : 56
8fqtr17czztqgfour4lx : 84
9xnbmgqgvrtwonevs : 91
1zqsvmcqsxjtp : 11
twollzsslxc37sixoneightp : 28
6bbgl76 : 66
58zntvhvgdnh2 : 52
three54 : 34
fftdddqnninesevenone76 : 96
6ddqzjoneeighttwothree : 63
56threetcp46 : 56
21six3m : 23
214onethreesp6six : 26
652three6 : 66
lvc1onefiveone : 11
6ddrgglstz : 66
twothreerjpb2four55 : 25
eight8eightwoh : 82
fivefqckddnine7one61zlkjgxjtqq : 51
gzneightwovlsdvcmvj3qhbfmkdnvqone99 : 89
92sixgxsix : 96
64eightxb2six : 66
51fivepbxrzkdzjhsixoneightmt : 58
ninem3nlpdtonefivethree6six : 96
lvxf3nine1eight : 38
vvbvfvtninefive5onezgtsjplxc : 91
qltld5p9tgpmkzrf4 : 54
71six : 76
2threergjrcqsixhgjtdkjpqnglzgdpqntnqtzcfcbb3 : 23
7xfj5btrml3two : 72
979nzpjkcthcl13tnfour : 94
one1jseven6three7five : 15
tppnljghmhxplmnjgfmpfourtkffqcghxx9four9 : 49
396 : 36
onettfdjdd5msplxhlqvv12 : 12
7mrqgcxbbtwo6seven5oneonesix : 76
hjnq8vbshrbxeight9sixlxznhqgcc : 86
sixzq9nnq4lxzhzmzjmnbtfbkf : 64
vfjhmf3ksgnlzzhsdtwotg9eight : 38
ddztjmr453qghvzrtsgf : 43
55lzcrzseven39 : 59
onecggvnjfpone27qrzcrxvp6 : 16
286hfzchgcgtcqhr : 26
ngeighteightfive5mbdn : 85
l1five : 15
712onekndmfive6ntrmsk8eightwop : 72
hqgfive512fourhgrm : 54
vpdvhpkngnntqptmsevenoneseven619 : 79
ninesevenckpjpxszfv1jzxtptvrdkfourfour : 94
tjlcs5onetxfkq6hzfklslthreeeight : 58
mxjrssqxt7one7hnffgqcgsthree : 73
onefsxjsnzxncsix1rr : 11
four725deight : 48
sgssrlckfourprpsix5rktmjhxksgmvdqmnkndjls : 45
75eightr6three : 73
6threesixx1sixsixcbxxcxvnhsgl : 66
4fiveeightkj9fivemqzvcc : 45
ncgqljseveneight61nbcv : 71
three83pnineskc : 39
fivehninesevensix5 : 55
five617twosr6nine : 59
ncjjfvzzmghgq8 : 88
2n48twodpnpgq : 22
qpgnxtvhq1jcvtxlfkfour6eighttwoztzddkmpbk : 12
fivevhfxpjtmdj2ninesevennine9two : 52
fivejtxmg4hbctmpnntlpbzfmxqgthreejbjdb : 53
4xgrzszmhx : 44
28four78tmrkfndeighteightwonq : 22
zvnxmbtjqzblnine3five : 95
slmt6onetwo5sixfour : 64
bthreenine3five : 35
3fxjfivevcdmmphtrccptz : 35
8fourksxxsixsevenseventwofour : 84
fpxvbdgqxzdzxone7threeptgzhhqmkxmseven : 17
9six654 : 94
foursix6559 : 49
9fvsdcbmmghfive8one8oneone : 91
dlxcsjmcjpmmjr64onegtkkqkmhkl1 : 61
pxkqbgdfour89 : 49
nn88 : 88
6sixthree : 63
1zxszmgmfg9drnjzd : 19
eight8onetvgzfzfjqlqtwo2dfhtwo : 82
kcgzq8cxdqphsglsixfivefourdbsjjmdtnxrzt : 84
4threenine3dpflrrtmt : 43
one83five : 15
8sixthreetwonez : 81
3fxnhqrrseven : 37
seven4onetwo : 72
fourbvnvbnineqggx5twovbdzztqccjhqqqnine : 49
qzcdgvninejbrfoursixseven24 : 94
vknqxgpgxnl2mrmbxprseven : 27
kfggmlcht8sevenfourkbtdzstpsnine : 89
kxzhchjh77sixmvtceight4seven : 77
five17 : 57
eightdgkcrphqsndn7fivevkstrsprktqdrdxqslmjtz : 85
2njqktntzjtwo7 : 27
four66 : 46
975eightnczdclht : 98
twofour1mlbpb6d : 26
ddleightwo64 : 84
2239gksfnlvtg1 : 21
jqrmqdkv1mhsjbqhhhjrvftwofour6 : 16
fjglfourone74nlxzmxfkbn3three : 43
6pseven1 : 61
1nscmsconek3 : 13
r182nine23 : 13
rqvstbf5seven1 : 51
mmtrqgddjone2 : 12
n23fivelvprvxstrct5 : 25
loneightgmlqfl7nineqrtmzdbbjmnfivepqhgtmb : 15
sixfivefourtwoone3 : 63
five39hjjcjktlcsixfive7eight : 58
sixeightthree5three : 63
5threeninebnbgxvnmfknp2dhbdb7nine : 59
5cpljvtxtpbvzbdrdvsdgc23sixtwo : 52
4fiverlflt549 : 49
two1onefoursixmzm : 26
4eightjksktjdvxsckgllpzdvblssix : 46
xsxkj81vkstvjjtm5sevenfive : 85
8943qxpcfqpnqtwo : 82
58qnrthreethree1eight5 : 55
6gqcfk : 66
49lxnllkqrdgcxdrfv : 49
94nine7six8nine : 99
55six6dgshxnn : 56
sixthreeeightfourbgnhsnjone1 : 61
nine3qmpnnzldoneddthreethree : 93
14ljmrtmhmeight8 : 18
onetwo4eight31loneighttc : 18
jnkg8lbjjvclcvmbseven3tdvnmrp : 83
7qxklg : 77
7dtwosixthree6 : 76
sevenfivesixsgltjpcnthree2 : 72
15rzct : 15
tfn4ninevt74nine : 49
1fiveseven68hztpthreexlbbgbqffvthree : 13
svqjgxnmxlpfjc95 : 95
nine9bn3njvhp9eight2 : 92
92six1threeeightwot : 92
sixfour2nine : 69
nine1bstseven45snndcpmtbq : 95
onesix4rkrglcvmvb : 14
tjccltxqljfourcfbtcqtjd1 : 41
fourgqjb7sixeightseven6 : 46
6four99nine8dfjp2dhzsfgt : 62
7kfgzrxgm7 : 77
3nn3 : 33
eightfzqvgrr1skhnqntgvv : 81
8fmghkjzmrkpthcrk6eight9two1 : 81
qgvgggrmnine3rl9rnf : 99
seven6jvjfkr : 76
ninetwofourlsbdlmlnsixb9 : 99
khqtjbkpdvrdnine6three : 93
pzninebmxq1onefourqtztvzlxf : 94
seven1sixcjcbfv3ninenine : 79
ngtsvjgmcg5mssqdgtsdrqff : 55
1vshninetwolfbfhckb1vfkxv : 11
1six3five : 15
93hsvjggzqcgjbqjvpnine6 : 96
dtwo4onefpthree18 : 28
4fourfive : 45
nnplsdmt962 : 92
five83rzgdpc322threesix : 56
3hcqbfiveppvzvtcbjnvqjz : 35
khh4one2sg : 42
pdtltjqgqzfive8sixone9vhnzbvfnxz : 59
xtrxkfive83three : 53
three75kjjxsixfivefive5scjbbflf : 35
ljfcdxktbnmvbspglnjfive483 : 53
eightonespmnrznpptmjvh68eight8 : 88
qznqkgvkhlssszmdlvjdjjtbgz2 : 22
6sixfourfbxrxfbv9hldlseven : 67
3qzjrffxdthreeoneightbc : 38
three4tfseven2sb : 32
nine87rvkdgmpt : 97
84threetwobjfzvncrkfour : 84
eightsix9plxkppkgpzkfive : 85
2eight4526 : 26
hdmqlgnphg1two11 : 11
ninekxlrjmmkm34sfvrdlb76lkbzprhnchrz : 96
9one26txfggnctgfive : 95
7pzrqmfivev : 75
ddqknbqxnrxlcrhcmhmr5 : 55
eightsix121twohbtkjqljkprzdsmnv : 82
7eight2twoqblcpqqfckfour1 : 71
cbnpcjljfninenine9 : 99
73eight3eightzfzjs : 78
szfsgstdmtwo2sixjkgxrxbtpdbkt : 26
one722 : 12
76eightrvs : 78
five6two7rcss5eightone : 51
9ckcnzponebnpjlznbrfxnkvfpsevenonebz3 : 93
sixninedbtpcrz148tzvbhxjk : 68
5zlpdbxk72twotlp6qbkpvjx : 56
3three4sjgfjzzone8xmeight : 38
56tkmpbmsix5seven7 : 57
nineeighttqrntnvxrrbkpftwovclttztwo7two : 92
bsxdzgxkcx5five6twoqlbqgjzbc : 52
five22hhlpfiveeight8vrkjcstx6 : 56
2psmkkxflgfoursixhjmdxfccbxqb : 26
25kljltwoneggk : 21
3fhtjzffgfph8twozr : 32
eightsevenfbzlr7rqfivefour : 84
one3fourninerl49rlvgnmtlcp : 19
vrzcnn79txgxf5five2cftclqsg8 : 78
kbbptjpbvvzcxrsix45prvjcq : 65
one3ninefour2vcpdfkbnineeight : 18
lx1 : 11
1oneqphkrtwojczlpmcjseven38oneightgm : 18
xsnzjbzfmb685ninezmgzfkzvpzj5six : 66
547six : 56
21five6z9 : 29
5nqcsix1seven9 : 59
nine4fbfprrfivevdvjphcqkfourthree : 93
9243five : 95
84zmtwothree : 83
5c : 55
17three : 13
5gvfxttjch74eight : 58
ninegs7hxmgmrzsx : 97
dzxzfknlk5ddgsbsh : 55
475cbbqscvfive : 45
twovjtkcxpxlvqhvgsqfzmthreecg1rctndlmm : 21
nine7eight : 98
eightoneninethreebccrmone9six : 86
twohbjxlfxdd4462 : 22
2fivesixdrcmbksthree : 23
24sevenk7 : 27
3sixsix28 : 38
four66vvjvqhhbhr4 : 44
seven4fourfourprhplxheightxkgvgghlseven4 : 74
ninegtsqsnk7fourzlmnv9 : 99
gpr3q5twoninebqnr6 : 36
rxhkdtwo8three2 : 22
jljtwonesevenkckbv9four : 24
4scdjjmkpf33 : 43
vjfourzrlthreeseventbbzrm8n : 48
two1fourxqlfqbhszveightrqcsprdonenine : 29
mmppkfd745ninexfour : 74
fxeightwo5tftddm8onexpeight : 88
xdbmf415cq92dhmmc : 42
nine3onedcvqdvhtqninepczfhhgbmzeight2 : 92
ffsix6seven5ninelg : 69
xtzsnzlvvztq64zhkklcgjrfourlztxlbtgxn9qcx : 69
six1nbqxmq2nxhtvrnrbsflzlztghfzjgfnhmeightone : 61
558 : 58
xnhsbblmlp9sevensix : 96
jz8eightonemrbchzmhrjcv : 81
3twoktr : 32
6fourtwosixthree : 63
sixfivefour7 : 67
ljbx2nine63four : 24
889g7sixtwoone7 : 87
four4one7cztqmheightwompd : 42
ctqnhkqzxgtxrgfzvone45eightfbvjlgkc : 18
8eight35two5 : 85
6pvzljrvseven5eight : 68
7zhgjds1 : 71
mxv7dtbsbzfive : 75
4sqhcsjb6 : 46
954threeoners : 91
63three9zltqkmpbqqpd : 69
6sjknine6phmcxrv1three : 63
threeoneprqcmzrbjjvlvsf2 : 32
gbgfr2fivehsplpdnccxkfz : 25
ninefnpxtgzhzvdnr7rftghqrhpv : 97
seven2fourfive2 : 72
8sixeight : 88
gcfjqqgbcdp33five42q : 32
fourfourbkrj3fourfivevlpvqbkgvxcfnlnbs : 45
tcgzqgqq77two : 72
nvzgmddmhseven1zbdfjrt17 : 77
seven8fiveninethree48 : 78
7five8 : 78
nine3twoeightfgdkbtph : 98
dzlblf4ninetwoqqj4onetvpbbfdcbvtwo : 42
mcmbfvszjltlzdg7zxzzlrrvfbthreeninethreefdtsvclt : 73
8mzcseventwoeight9kjchpd : 89
sgpddvmkntwo9two : 22
sevencgqkbcsh5 : 75
13nine723twofour : 14
twodpdvppxntseventwooneseven1 : 21
9jjpxjpxdxxkqjseven : 97
4seven1five : 45
2nineckczklc5h : 25
threekplnxmcjffhpfdhhhvsvsx62zrmbcpgj : 32
35 : 35
8gthree : 83
nineffourninethree6two8 : 98
1vsmthree67fourchzmone : 11
bxnrzblqnv9xprtmvnfivevkdvqmvfhgxconezvzjlxgjhp : 91
xtqsevenfive7fourmclszsmnqz5 : 75
vrxnrvfivegjlqrbdtkksz9 : 59
ninefszbsfnhbzzqhbkvxjfive7sixfive5q : 95
eight38nklfskv3sb : 83
5six4three : 53
onezhpqfxgsz3stfsldzdhh : 13
qdtwone72 : 22
fttvpkjsf8 : 88
8twodxeightbltlrvjjbs : 88
sixninesixfourxzvf5 : 65
85twokqdh2skxgnnnnsevenzg : 87
lsjqvnfive4eightjbjceight3 : 53
5eightnineglvjmdgjvt4 : 54
cfhxfnvnsixfour8twosixsixtwo : 62
hmp27seveneightsix : 26
5two6 : 56
d37sixeighteight : 38
9fdbkdm86two : 92
4threefbsjzzkthree723 : 43
dgzvfszqpkfpxmvqf7onethree : 73
eight2fkskmljrg12kschgbrbtgmkbdzseven : 87
5sbdhqrsftwoqlfqblrvgghbps6ln : 56
2pkmljtwospqdnflmj : 22
nine1eighthgccrfourseven9 : 99
eightjbptmtmmvsevenseven6fourfive : 85
6threeseven6eightdsbpjzc9jsmtxdfour : 64
4ninextnv : 49
threeqjrdnfjlpnine55 : 35
1psdrj3g2msfsjktgkv61 : 11
sevenfive9xhdcthreenine9jctjthree : 73
636 : 66
2threeseven : 27
nnxzzcgrhcgtz4ttnfive : 45
seven9sixone2fbbdfqtdfg : 72
4jgdxjqtbqzprpjdbjc2fivethreeonexlgkxtsdmcrrh : 41
4threepvzzhkmlmbhzhmtb : 43
m5xgplrjqlztvg9 : 59
59s68ninerrhkrkxnzm : 59
hknsnsf6 : 66
trgpkmkbtlslmpqtdxfourxjspnnmhdtg1nvfxpllcrrbzjrhrstn : 41
92twoj7two4six : 96
tseven377 : 77
p49five2 : 42
kpffiveeightcsbjz39 : 59
8sdmbrxbk : 88
1vxknsvdqnsixkfsevenzqlr9 : 19
fiveznrsqthpbddfcpbvhhhjctp9 : 59
plbcxgkd4tmprsxn84hdrninetwo2 : 42
twoqzqxbkm23brhsppdnvksixtwok : 22
8one5 : 85
six45tdxfmcr6 : 66
onesix4 : 14
fxrl57561ktxfsg : 51
89nine54fiveeight : 88
three62three5one : 31
6mjqxh4scvddlls : 64
nflfourzrrgpvftoneseven43 : 43
7sixtf : 76
sixxhxkvgnbz3rbdnvgf : 63
ckq745ninepqk : 79
1snlkqn : 11
ninetqvcllfvcfs62qtt6seven : 97
59khlmz : 59
eightdndsvdcqneight9twonenf : 81
zgcnqqmlgsmfzqbkllvsknsevensix5 : 75
8qqxshjnnsp : 88
xfvttdnxhz4sixsjkqhpfszn212three : 43
fivelssnmckseven4ftqt : 54
2qsqpjmcbtvxjgqhhk : 22
tztwone749ninelncrmvthfourpgcbxzxvs : 24
4threecgnjpthnsgxhxbffour8eightsvmjkg5 : 45
458sixseven6one1smkjk : 41
seven4fourrgqffqthree7 : 77
jhpxqpspbsevenhpfnrpdvfoureight5nsbsfscjlzfive9 : 79
sldxjjnjt5dlhdtrmsixxlmgxhvpscqqthree74 : 54
8pvfhtpghtwo6 : 86
nfknjlfive8 : 58
eight7sevenseven9pdvhsevendzpxpghzr : 87
9fgdrgsgdhtwo7238 : 98
8nfjgxpcbbmjrhh9765dnlbsfddhf : 85
tkqfc7sixsixsixggqsevenzrjrxtrnh3 : 73
fivesix9zmxpjk : 59
four1kvhvnhjcgz : 41
one6sixthreenh4 : 14
onesixfourtzkjjlnine1kq8 : 18
1xkl : 11
8six5zbonevbtbmvtjvlfive : 85
zmggmrj9eight : 98
5sixeight23 : 53
19twobshhmblpkp68 : 18
7fivethree22four9tghbrr2 : 72
gc3 : 33
6qdkjxgpseveneight1seven : 67
7sevenfivegpllcnbvf3khjsqtwoner : 71
3fivefive417 : 37
seventhreefthree96hbrjfxlkrninetwo : 72
vhnlzrv4gbdldncbgqrfd5 : 45
gfjzvfchlzrnf8fivesixthreeninesevenrsfptjcrb : 87
6nineninelllzx : 69
sevenckthree1 : 71
8one77four8sixnsmbhbp : 86
ltcfm386 : 36
bcncpxhhgbdtxh19kqkpffqx6 : 16
pr95 : 95
eightsix7gbtwofourvclrmgfvph4 : 84
four6bgzbcthree1kjhkvlh : 41
lbffslczqninesevenr6z : 96
three6lpjrgbfivexzfkprdf : 35
31kmnnffourtwo7dkmmlrdsm : 37
six7fivenbljxg6onesevenzmknhdfive : 65
32five5sggfive : 35
two4four : 24
xlf4rtftmttzk4fhrcbxmxlsjzfour : 44
fivecxrsccjsgdfpfdgpfsix3sevenqgntlgvds : 57
pbdmldone1s : 11
threekpzzth3fivernp : 35
glglvsnineckckdblscv2one9two3 : 93
52cvnxlxqdoneone : 51
kjdvcklltsttlncvgrfive9fkspxfhchml : 59
sfxxlhkbhqnvskxd2five : 25
three3ninevndkz2two : 32
3two9six9sixfiveoneightf : 38
36xq : 36
twoeight76 : 26
3kfsr1tworhvpqn7zmrp3nine : 39
tvvtqdcx8eight6three6fqsmnd6 : 86
3three7 : 37
2five3eight : 28
tmzhzsninetjjpmqdrkh6seven8threenine : 99
dsvnxx6 : 66
8xzllsdpvrjszlhlmrrsixfourninefzncn9pkgdtlb : 89
four2eight4bdxhqxnjlfg3hkbkp : 43
onehcnf9 : 19
twosixktskmcppzx4 : 24
xzeightwo1doneseven7sevensix1 : 81
fourgbdz85nine : 49
21xrsphxlr711mjeight : 28
one654four : 14
six4sevenxl : 67
sixmqhtms6zp99 : 69
497twofour3two : 42
6twoxrjvzhldhfour69twofjjtskmzvls : 62
px98skfppldqkpsix : 96
7qxone8kzzdlqdmsixtzrhrzrhpeight : 78
6eightmdsbrvhnine : 69
onesixjxzx1jbfnjhm3 : 13
threerbslfnzsbtjxfcmtxzjtvbdjnqj2 : 32
4lbmlrptworkpdtfvnfour : 44
2threelkvzmghvdm : 23
6vrvcbbqv77 : 67
gczqmslninepphpbvd896 : 96
seven77nsnzeight5vzgvmfrxd : 75
seven46fourfive1ninechrlthdhvnfn : 79
sp2xngkbkqbpvqgd57onenine : 29
7oneonenine38hpqntxsz1hxvc : 71
nine3sixvrsrvfrseven4 : 94
seventsvmxxn5sixgm1kdbrkcdfive : 75
5eightnfblfbxrkrrmflg5 : 55
fourxltzjthree2 : 42
steightwojllrms39threesixvjxflgzkm : 86
25ckxsgcgxjf : 25
lpsztggf4nine73two5 : 45
drktgkbkxlqlfvhvr8onesix1qbgjjtcf71 : 81
4eights14five : 45
jqjbzqvxcjqjjjhjjk8llseven1knphmcvnjcsfdzp : 81
9qrthreeeightnqpnninexgprcrdsn1rgjt : 91
59snmrlfxhsix : 56
1286 : 16
72five81gnc3 : 73
sixtffnjthreevmhc64one : 61
three96fournine4ninezr : 39
lrzcgsgdll99 : 99
qftkzxrlone8sixeightfour : 14
eight7seveneight : 88
kzkoneightfbptzkfive2sgbcnxg92 : 12
v5hdone : 51
onevzfour75cmzkfhklp : 15
cxklnb9fivetbkgjdcvjhqgnmdgrjkmfjqqbjtrzqfdreight3 : 93
six6twotwolmggvvxrtwo72 : 62
2kcrxxbzkssixnddqsqsk : 26
rpjglmp8onelvzbgvbjxdthreeonelvxdtqnz : 81
sevennine6bvdtwo : 72
16mseven3twojv : 12
hhconeightxrnfvbqhseven3vs : 13
sixnine17 : 67
2lcssbzf1three3eightbvqrsmbh : 28
5onezrsvkbpnsix7zjggs4 : 54
3eightfive : 35
cpgtwoneonerhgncphbfsrfplbfhxrmmpfive6 : 26
4vbsrvggrzxxcxzeighttwo : 42
52nine5 : 55
7fourkczfpeightnine3eight : 78
zzleightwo2onecfdsqthreejbcthreerbngllphhsixgp : 86
3sixntzmjnrrone : 31
3threeeight6bqcsdklzpfmbgxxtjs : 36
rrbjsghzclnine833 : 93
cfbrmlhqvtpxtpdbbcjj6eight : 68
6twoqmhkgpktkdprrqxpbphjn : 62
cmfv1eight41 : 11
fsfdjhbeightfoursevenpmqlcf6mvfive : 85
qmvq9sevenseven7 : 97
1sevenjqrsevenfmrsncppbr1six : 16
1eightvcpbnsqhcv56eightzthree : 13
five8dnxkdbsxvd : 58
3l76cbpbdvsix : 36
vdvnbr1xzlssevenszdktcqfsqxtv4 : 14
sixtwo9qngsslvmbv39eight : 68
66fjjnc3threexqdctdtkseightbqpphzzm : 68
hsqcqb1sjkdhhdltoneeight5one : 11
1llpgqdfgseightfvssfive : 15
znqqgtlmvxnlcgxr4fourscgzzhz : 44
eight9onetx5vzvqln8gxblpkmtkhcl : 88
eightczhdvmrlm5pmnlnlnine5hxzmlzntdmqldbnfive : 85
one16shmhxdvzbh73dsvgvtpddls : 13
5lph98flssjhz : 58
2psmflmhcbsrvzfive176 : 26
qzqz8sevenone : 81
fmhgvseven7fivejdqcsznnone : 71
415dsgfivethreexlfzccgn : 43
qplzvmmhbh598ghnhrmzvxblxncdkrfntvzdtvqr : 58
8fdkghntwophfnpzjllfr9 : 89
6rfstqcmdvq9 : 69
nmcdsbclthreeonekxnrvqgjxpsevenfour3seven : 37
one72rqpfourdcqrlqpcthree : 13
onefour6 : 16
eightoneqqrc18 : 88
nine3nrscbxlx4fchjdgnlvvfrnf7jfffbggjt : 97
four8twofivesbpgjnt : 45
8sixtwojhjvhfive : 85
ninefg8xrvpbpgbklkbfrqgdloneeight : 98
pbdggcfoureight5rdsssnj : 45
gxqzltbzfbhfdcqeight3dggjvh9xg9jxq : 89
fm6ninesix : 66
1four8xkdjzkfthone77 : 17
fourfourseven514 : 44
2vfq9vfzxfmsfrxjxhfqrpc : 29
zckzxj45onep : 41
nine925 : 95
nineone1eightsixkcd8ndvhj5 : 95
fourfoureighthbhrnsix5seven : 47
mpr9sevenzm5 : 95
two415 : 25
two2ddgkzt66sevenmdzhdzhdmzjmvrrnd : 27
vntvkmtqm252 : 22
bktbrctxtwoqbjls7 : 27
seventwo26 : 76
22threezlhpkpmzsnbshpgt : 23
1pktkpfppxbjf8 : 18
one1jzlvq : 11
24fivek4 : 24
84two : 82
1sevensixeight13pvp2 : 12
xvndrn85k5nr6nzgcdhlzvf8 : 88
ninefour1 : 91
rhztwosix7 : 27
eight4five5sevenlzbhmsprsj : 87
7seven1kmzsjl8jpdssncpvcjxczdvsk4six : 76
zcmpfqzfxlfsxkmscs4lctqonepjkg4nine : 49
8onesevenzlxflf9four : 84
threefoursix3five : 35
292mhsbgktzmlqk1fourone4 : 24
pnnftwo5 : 25
kpjmxmseven6 : 76
fiveonetwoqbptwo4hmzhhfmvfqbgjk : 54
one4bkzjstxgrv2dvzbdfztfive7three9 : 19
monetwo6fbxbphkpdtwo2ninenvphvnxhxk : 19
6mgmbthree9bnine3seven5 : 65
eightvsfnsdkgh7fourninernvkrfcx : 89
fourxglll561 : 41
3eightsixeight72six7 : 37
4fiveflsgrgznjfbsvgvbrgnm : 45
763 : 73
nine57qmhfgctmnp : 97
eight579xgpsr : 89
sbpbb215jnsfoursix : 26
dfghm9mrcpfthree974 : 94
bh7threeqvhttfqt : 73
seven7kssmdclhfd : 77
qdltfdhsvz5threekftjfdqbn : 53
four8dxncfjhvpsxdseven3kcpmpfvnfb : 43
nine1eightwox : 92
vvcfdjlpcrfnnmbcx4eight9mtcfqqqfl5fourfive : 45
qbcxpccssl9kvqtjncjdxsrpp8sixbnmq : 96
sixonexjgqthdnrpfivetgnxqv1 : 61
eightthree33ngpkqtqgtkmcfgqqgj313 : 83
onezfnlseven1 : 11
2threefhcs : 23
3nineeightzmpvjqrvcb1tkmchzjtsrfllv : 31
58cjnxhzfknnkj4ninezvskrvrc : 59
hthree16zdtbfnlx : 36
tzqcksevenfour3foursix5 : 75
qbbzz1threesevenone : 11
onegfzhlthree12 : 12
gpjjzfiveone21qbrjdrz7 : 57
xcpjznj54fivesevenfiveq : 55
gsevenflcgfcmqtrzstrmnine9two : 72
7nrsmkbqffnnvfpjgb : 77
tfhnnmpbzq67six : 66
52jhltfzqhfprmtgbmhg : 52
vchpblqmsvffourzkndtsg7 : 47
eightsevenvgfpttr62hmfzf4f : 84
eight4four1tsvfq : 81
4sevensix : 46
vrkmjrrxnbgjbxfqxllp17four1bdm6 : 16
2kqfd4threefour5 : 25
44m : 44
foursevenrxzjfftwo5twothree : 43
eight4xbxqplmknhjhzm9fivetwozjrzjp : 82
twojtjvdmgkjsstbdgl3bhhhzvllm6qxpzxjbgn : 26
sixeight3sevenone : 61
sixfour5m5 : 65
fqlftfrtsj9 : 99
rpjlhht2xxnnkqktkxteightsevensix : 26
five3vbklfdmpsevenone2thxcmzktlz : 52
fivefour7lxhg : 57
49gcb8fqc3fnstcnmdneighttwo : 42
2vd : 22
6tfpxszrkdsgphdsblkqfk : 66
43rjxkfgdm4gkxnvdfxs : 44
6225eight3 : 63
8one35four3 : 83
prsevennineeightfour8 : 78
twozqdxfg363zczthree : 23
eight9vcncjcbxhnfeight : 88
meightjdg2vp73 : 83
seventhree9dzdhprp : 79
btwoninegnfpfhxkvv3 : 23
threegkxmmxzsmblsjfds8seven : 37
crbbpggzbfsjb8kqqgk9fourflghlzbgseven : 87
sixsix85eight5 : 65
nmrvnmgdrtwo8three : 23
gqntwoneseven95eight1vtthdng1cgvxlvstgm : 21
oneqcftjqnxckthreegtsxfjbrmv2 : 12
threekdfzqhqeight54four7twonep : 31
525xtwomtcgmfhbjninepkpjjsf : 59
1sevenxvgjdznvnjftwolvmjmg : 12
ppbgncvclfive45 : 55
three6386qxzsvxpbz4onejt : 31
szxc93tfh : 93
zdxgxlj9nine : 99
9kkmgczf : 99
4six3six97qcxxgmppgkll : 47
6fivethreefourtwo : 62
nine9qpngcdftwo1seven7kzsjxqbggxone : 91
sevenninegfjkxkbptwo7nine3xjgsxh : 73
6srqfplffour81threefive3 : 63
869 : 89
nnsjzlrjcsnpd7zcfive : 75
fivenmndbmjngpsvkjsbqxvncm6qjzcktnsevennlxpbkchk : 57
three4eightwol : 32
2gnbninedt : 29
1twoninefour8 : 18
5lb : 55
cdczlxgxpdqvkcqbfivet3 : 53
nxxxreight158mvrhngveight : 88
811dsqsscjgfive2 : 82
nine8nine16gxqxcj6three : 93
dqjdfksftwohrrhzlcxd12vblpmsqrrfourshg : 24
345dstjsbllcnine : 39
4three6vnzfssrqrg : 46
mlcmlvlmcseven72mcqlzfnpm2 : 72
ninegflbrbv6twosvfive : 95
nineninerjmnhlthreenine3 : 93
zvsqxdggl9dxppmcmc389fourvpeight : 98
2fiveeighthtfvpndpn8mt3two : 22
33tshvcbgtggone6 : 36
1sevenfivextsfpsix : 16
frmhtjxcnztfhtgtr5 : 55
8jjsclsqgfourthree7lvct75 : 85
62vqnhqct4 : 64
2jlvv55 : 25
lszrone3eight19ggpnine : 19
8fivexxxrkzrppslbf8threexsskbkjcc : 83
pvpxjrnnp11rmgfhbpbninesmbfpcpseven : 17
seven8pfzgsbgjqtneight : 78
rdksixnzmxgppj6qkftmcthgl9 : 69
32three1 : 31
bnxd75 : 75
mzlcnxgdddfpqkp6hjjpnnine31 : 61
135gnzr9brblpnk : 19
vvninerkskndtjq8zst4sixnine : 99
fivexdstdtfshcchblmknlneight5fncvl : 55
7mhjsq7ninetwo3tbnkglngltwo : 72
threeninesix5567 : 37
2four14fzrsjr : 24
9sixkl9 : 99
rftbrjfour4 : 44
onemtjqqdrtjgkbv1plcgtxtwoonefoureight : 18
6fourqsgfkqdnspzstbrhzxbthreeqxrshrfdbk1jrxptfhjfld : 61
sevensix9 : 79
one75two9fourxdjmzjv : 14
one8rbvxt : 18
skzg13 : 13
ninesevent3 : 93
mcrgx49qbpzcqqbx : 49
threebsevensix9nine54six : 36
1bjgnlhtxgx : 11
71crfour : 74
3nkjflkqpjz61gzsffxlncmxg8 : 38
rhppr943fourmmjm : 94
rvmthreevbvxqhrhglvrh869 : 39
6sixfivexgshnkmx26 : 66
3srgvnbcsreighttfnjcs782 : 32
87ninenjhxpnrhljkvnms3 : 83
foursix1rfgvmxqfrninekthjjk : 49
fourtqbjqcmsgnine1twoxgvqdhbnloneeight : 48
hhzdrttjvbzdngnqv2 : 22
kbm71 : 71
qzmtwonexlzbv2eightfrjmhld6 : 26
27mdxfj49kzkzdspbxvktm : 29
three8cvfqmntngvmhddgqdgonetjgnnzggjz9xqlxffgsc : 39
ckd3fourtwo5vzv : 35
lhbvlseven41bdrkzmshkxone : 71
6fourthreefourthreeskhdk : 63
377dtljbhvfdr4ngqdqfbfournsnt : 34
rvbkddqrfm8rpfive : 85
1ninethree : 13
zjhbkjrb5qvtjbcgpkvksbsszpqjfcrgrcqggdtc : 55
73nine9pslhnpmxjjfourthree : 73
91nine5xndjkx7 : 97
four17crgvnqtwoxqxfcsbbbsjlsjhsfll : 42
five9twobqlgcdpk4 : 54
pblrzfive7ninetzfiverhlslrsone : 51
7bltone : 71
3eightthree16 : 36
nineone54hspfngxzhzh : 94
7sixzxqlsqqsvfouronethree6 : 76
8kklgfmqvntwonine9 : 89
dznsskrrfchdnm2fxcvqvf3eight : 28
cmfkrlslhgzprgkfive6seven : 57
4threethree : 43
threesix2fkzsjkr6six : 36
8bcqmshjlnfivecrjtcsznrfive : 85
11nine3six : 16
326one1zvdzc : 31
1sjttzbstpx6sgfzpgdltxseven15bvrbmccbzkbgdnkkhpd : 15
9bbpksbnpdm : 99
3rtcztcr : 33
bk1sevenjbmncfiveninejp : 19
seven62hjvttpk : 72
rsnqnlgfgrxk8sfxhrlgmc1jnjgctclr7 : 87
3sbmxlshf5five4 : 34
8nprjs : 88
three89 : 39
four399ljmdptjbgkthree : 43
cthxllrzbseveneight7four : 74
3gzvsfnxfive : 35
pjbgbnine1rphbcrhgnine2 : 92
56fourcsfpfnntpkfcsqkkp6oneightlsv : 58
fourmn5kqgvk : 45
96twoseven : 97
2bk : 22
8nineninesevenvxfnqlsrnxbr : 87
fivetnxmljplldd3six : 56
qtzcgtlh9 : 99
gtnkglkd3twoqgqhj6dpfgqtpptg : 36
7jvxsltntrksjzsix : 76
three95fivebpvtzh : 35
3kxxfvsseven : 37
157xvtnfkqnsbvpxlrdmjszrpmpfive : 15
7threeseventwo7twoseven5 : 75
rcmzjxg1csdhdkvfhxppsixfivethree : 13
nvgfnine38onezdbhhgtmshc : 91
2ngoneninex : 29
1eight57ggvqjmsixonefour : 14
dhq7hzhmbzdhzjxhdtwo32 : 72
ggdone3nbmsthreefourninefiveoneightpr : 18
fourvzgnfnhkkp2 : 42
j47three8sevenfivenfkd : 45
twotwo4seven1fqklblqbdxcmtch : 21